<?xml version="1.0" encoding="UTF-8"?>
<testsuite xmlns:xsi="http://www.w3.org/2001/XMLSchema-instance" xsi:noNamespaceSchemaLocation="https://maven.apache.org/surefire/maven-surefire-plugin/xsd/surefire-test-report.xsd" name="com.banking.OnlineBanking.controller.TransferControllerTest" time="0.231" tests="3" errors="1" skipped="0" failures="0">
  <properties>
[...]
</properties>
  <testcase name="betweenAccounts" classname="com.banking.OnlineBanking.controller.TransferControllerTest" time="0.03"/>
  <testcase name="getBalance" classname="com.banking.OnlineBanking.controller.TransferControllerTest" time="0.016"/>
  <testcase name="getTransactionList" classname="com.banking.OnlineBanking.controller.TransferControllerTest" time="0.005">
    <error message="Unable to make field private final java.time.LocalDate java.time.LocalDateTime.date accessible: module java.base does not &quot;opens java.time&quot; to unnamed module @5e853265" type="java.lang.reflect.InaccessibleObjectException">java.lang.reflect.InaccessibleObjectException: Unable to make field private final java.time.LocalDate java.time.LocalDateTime.date accessible: module java.base does not "opens java.time" to unnamed module @5e853265
	at com.banking.OnlineBanking.controller.TransferControllerTest.getTransactionList(TransferControllerTest.java:157)
</error>
    <system-out><![CDATA[
MockHttpServletRequest:
      HTTP Method = GET
      Request URI = /transfer/transactionHistory/28339960751126
       Parameters = {}
          Headers = [Accept:"application/json;charset=UTF-8"]
             Body = <no character encoding set>
    Session Attrs = {}

Handler:
             Type = com.banking.OnlineBanking.controller.TransferController
           Method = com.banking.OnlineBanking.controller.TransferController#getTransactionList(long)

Async:
    Async started = false
     Async result = null

Resolved Exception:
             Type = null

ModelAndView:
        View name = null
             View = null
            Model = null

FlashMap:
       Attributes = null

MockHttpServletResponse:
           Status = 200
    Error message = null
          Headers = [Access-Control-Allow-Methods:"POST, PUT, GET, OPTIONS, DELETE", Access-Control-Allow-Headers:"x-requested-with", Access-Control-Max-Age:"3600", Access-Control-Allow-Credentials:"true", Content-Type:"application/json;charset=UTF-8", X-Content-Type-Options:"nosniff", X-XSS-Protection:"1; mode=block", Cache-Control:"no-cache, no-store, max-age=0, must-revalidate", Pragma:"no-cache", Expires:"0", X-Frame-Options:"DENY"]
     Content type = application/json;charset=UTF-8
             Body = []
    Forwarded URL = null
   Redirected URL = null
          Cookies = []
]]></system-out>
  </testcase>
</testsuite>